Change Component Designator: OldDesignator=C? NewDesignator=C1
Change Component Designator: OldDesignator=C? NewDesignator=C2
Change Component Designator: OldDesignator=C? NewDesignator=C3
Change Component Designator: OldDesignator=C? NewDesignator=C4
Change Component Designator: OldDesignator=C? NewDesignator=C5
Change Component Designator: OldDesignator=C? NewDesignator=C6
Change Component Designator: OldDesignator=C? NewDesignator=C7
Change Component Designator: OldDesignator=C? NewDesignator=C8
Change Component Designator: OldDesignator=C? NewDesignator=C9
Change Component Designator: OldDesignator=D? NewDesignator=D1
Change Component Designator: OldDesignator=D? NewDesignator=D2
Change Component Designator: OldDesignator=D? NewDesignator=D3
Change Component Designator: OldDesignator=D? NewDesignator=D4
Change Component Designator: OldDesignator=D? NewDesignator=D5
Change Component Designator: OldDesignator=J? NewDesignator=J1
Change Component Designator: OldDesignator=P? NewDesignator=P1
Change Component Designator: OldDesignator=P? NewDesignator=P2
Change Component Designator: OldDesignator=P? NewDesignator=P3
Change Component Designator: OldDesignator=P? NewDesignator=P4
Change Component Designator: OldDesignator=P? NewDesignator=P5
Change Component Designator: OldDesignator=Q? NewDesignator=Q1
Change Component Designator: OldDesignator=R? NewDesignator=R1
Change Component Designator: OldDesignator=R? NewDesignator=R2
Change Component Designator: OldDesignator=R? NewDesignator=R3
Change Component Designator: OldDesignator=R? NewDesignator=R4
Change Component Designator: OldDesignator=R? NewDesignator=R5
Change Component Designator: OldDesignator=R? NewDesignator=R6
Change Component Designator: OldDesignator=R? NewDesignator=R7
Change Component Designator: OldDesignator=U? NewDesignator=U1
Change Net Name : Old Net Name=NetC?_1 New Net Name=NetC9_1
Change Net Name : Old Net Name=NetC?_2 New Net Name=NetC9_2
Change Net Name : Old Net Name=NetD?_2 New Net Name=NetD3_2
Change Net Name : Old Net Name=NetD?_3 New Net Name=NetD2_3
Change Net Name : Old Net Name=NetP?_1 New Net Name=NetP3_1
Change Net Name : Old Net Name=NetP?_2 New Net Name=NetP1_2
Change Net Name : Old Net Name=NetP?_4 New Net Name=NetP4_12
Change Net Name : Old Net Name=NetP?_5 New Net Name=NetP4_10
Change Net Name : Old Net Name=NetP?_6 New Net Name=NetP1_6
Change Net Name : Old Net Name=NetP?_9 New Net Name=NetP1_14
Change Net Name : Old Net Name=NetP?_13 New Net Name=NetP4_13
Change Net Name : Old Net Name=NetQ?_7 New Net Name=NetQ1_7
Added Pin To Net: NetName=+5 Pin=C3-1
Added Pin To Net: NetName=+5 Pin=C4-1
Added Pin To Net: NetName=+5 Pin=P2-9
Added Pin To Net: NetName=+5 Pin=Q1-8
Added Pin To Net: NetName=+5 Pin=R5-2
Added Pin To Net: NetName=+5 Pin=R7-2
Added Pin To Net: NetName=+5 Pin=U1-3
Added Net: Name=+5
Added Pin To Net: NetName=GND Pin=C1-2
Added Pin To Net: NetName=GND Pin=C2-2
Added Pin To Net: NetName=GND Pin=C3-2
Added Pin To Net: NetName=GND Pin=C4-2
Added Pin To Net: NetName=GND Pin=C5-2
Added Pin To Net: NetName=GND Pin=C6-2
Added Pin To Net: NetName=GND Pin=C7-2
Added Pin To Net: NetName=GND Pin=C8-2
Added Pin To Net: NetName=GND Pin=D2-2
Added Pin To Net: NetName=GND Pin=D4-1
Added Pin To Net: NetName=GND Pin=P1-8
Added Pin To Net: NetName=GND Pin=P5-13
Added Pin To Net: NetName=GND Pin=Q1-5
Added Pin To Net: NetName=GND Pin=R4-1
Added Pin To Net: NetName=GND Pin=U1-4
Added Net: Name=GND
Added Pin To Net: NetName=NetC1_1 Pin=C1-1
Added Pin To Net: NetName=NetC1_1 Pin=C2-1
Added Pin To Net: NetName=NetC1_1 Pin=R1-2
Added Pin To Net: NetName=NetC1_1 Pin=U1-1
Added Net: Name=NetC1_1
Added Pin To Net: NetName=NetC5_1 Pin=C5-1
Added Pin To Net: NetName=NetC5_1 Pin=D1-2
Added Pin To Net: NetName=NetC5_1 Pin=D2-1
Added Pin To Net: NetName=NetC5_1 Pin=R2-1
Added Net: Name=NetC5_1
Added Pin To Net: NetName=NetC6_1 Pin=C6-1
Added Pin To Net: NetName=NetC6_1 Pin=D1-1
Added Pin To Net: NetName=NetC6_1 Pin=R1-1
Added Net: Name=NetC6_1
Added Pin To Net: NetName=NetC7_1 Pin=C7-1
Added Pin To Net: NetName=NetC7_1 Pin=D3-1
Added Pin To Net: NetName=NetC7_1 Pin=D4-2
Added Pin To Net: NetName=NetC7_1 Pin=R2-2
Added Pin To Net: NetName=NetC7_1 Pin=R3-2
Added Pin To Net: NetName=NetC7_1 Pin=R4-2
Added Net: Name=NetC7_1
Added Pin To Net: NetName=NetC8_1 Pin=C8-1
Added Pin To Net: NetName=NetC8_1 Pin=P4-29
Added Pin To Net: NetName=NetC8_1 Pin=R3-1
Added Net: Name=NetC8_1
Added Pin To Net: NetName=NetP1_4 Pin=P1-4
Added Pin To Net: NetName=NetP1_4 Pin=P5-12
Added Net: Name=NetP1_4
Added Pin To Net: NetName=NetP1_12 Pin=P1-12
Added Pin To Net: NetName=NetP1_12 Pin=P5-6
Added Net: Name=NetP1_12
Added Pin To Net: NetName=NetP3_5 Pin=P3-5
Added Pin To Net: NetName=NetP3_5 Pin=P5-10
Added Net: Name=NetP3_5
Added Pin To Net: NetName=NetP4_6 Pin=P4-6
Added Pin To Net: NetName=NetP4_6 Pin=P5-2
Added Net: Name=NetP4_6
Added Pin To Net: NetName=NetP4_8 Pin=P4-8
Added Pin To Net: NetName=NetP4_8 Pin=P5-3
Added Net: Name=NetP4_8
Added Member To Class: ClassName=Decoder_schema Member=Component C1 CC1206KPX7R9BB104
Added Member To Class: ClassName=Decoder_schema Member=Component C2 EEEFK1C471P
Added Member To Class: ClassName=Decoder_schema Member=Component C3 EEEFK1C471P
Added Member To Class: ClassName=Decoder_schema Member=Component C4 CC1206KPX7R9BB104
Added Member To Class: ClassName=Decoder_schema Member=Component C5 CC1206KPX7R9BB104
Added Member To Class: ClassName=Decoder_schema Member=Component C7 CC1206KPX7R9BB104
Added Member To Class: ClassName=Decoder_schema Member=Component C8 CC1206KPX7R9BB104
Added Member To Class: ClassName=Decoder_schema Member=Component C9 CC1206KPX7R9BB104
Added Member To Class: ClassName=Decoder_schema Member=Component D1 MBRS130T3G
Added Member To Class: ClassName=Decoder_schema Member=Component D2 DF10S
Added Member To Class: ClassName=Decoder_schema Member=Component D3 1N4148W-7-F
Added Member To Class: ClassName=Decoder_schema Member=Component D5 1N4148W-7-F
Added Member To Class: ClassName=Decoder_schema Member=Component P1 Header 10X2
Added Member To Class: ClassName=Decoder_schema Member=Component P2 Header 8X2
Added Member To Class: ClassName=Decoder_schema Member=Component P4 Header 17X2
Added Member To Class: ClassName=Decoder_schema Member=Component P5 DISP
Added Member To Class: ClassName=Decoder_schema Member=Component R1 SR1206JR-07100RL
Added Member To Class: ClassName=Decoder_schema Member=Component R2 SR1206JR-07100RL
Added Member To Class: ClassName=Decoder_schema Member=Component R4 SR1206JR-07100RL
Added Member To Class: ClassName=Decoder_schema Member=Component R5 SR1206JR-07100RL
Added Member To Class: ClassName=Decoder_schema Member=Component R6 SR1206JR-07100RL
Added Member To Class: ClassName=Decoder_schema Member=Component R7 SR1206JR-07100RL
